Crashlog created at 2019-01-04 18:22:53 +0000

===== MESSAGE:

NoMethodError: undefined method `title' for <Nanoc::CompilationItemView identifier=/diff-eq/C1.html>:Nanoc::CompilationItemView

===== ITEM BEING COMPILED:

Current item: /index.html (:default representation)

===== STACK TRACE:

  19. from /home/vagrant/.rbenv/versions/2.5.3/lib/ruby/gems/2.5.0/gems/nanoc-4.11.0/lib/nanoc/base/services/compiler/phases/resume.rb:47:in `block in fiber_for'
  18. from /home/vagrant/.rbenv/versions/2.5.3/lib/ruby/gems/2.5.0/gems/nanoc-4.11.0/lib/nanoc/base/services/compiler/phases/resume.rb:16:in `block in run'
  17. from /home/vagrant/.rbenv/versions/2.5.3/lib/ruby/gems/2.5.0/gems/nanoc-4.11.0/lib/nanoc/base/services/compiler/phases/abstract.rb:23:in `block in call'
  16. from /home/vagrant/.rbenv/versions/2.5.3/lib/ruby/gems/2.5.0/gems/nanoc-4.11.0/lib/nanoc/base/services/compiler/phases/abstract.rb:21:in `call'
  15. from /home/vagrant/.rbenv/versions/2.5.3/lib/ruby/gems/2.5.0/gems/nanoc-4.11.0/lib/nanoc/base/services/compiler/phases/cache.rb:23:in `run'
  14. from /home/vagrant/.rbenv/versions/2.5.3/lib/ruby/gems/2.5.0/gems/nanoc-4.11.0/lib/nanoc/base/services/compiler/phases/abstract.rb:23:in `block in call'
  13. from /home/vagrant/.rbenv/versions/2.5.3/lib/ruby/gems/2.5.0/gems/nanoc-4.11.0/lib/nanoc/base/services/compiler/phases/abstract.rb:21:in `call'
  12. from /home/vagrant/.rbenv/versions/2.5.3/lib/ruby/gems/2.5.0/gems/nanoc-4.11.0/lib/nanoc/base/services/compiler/phases/recalculate.rb:27:in `run'
  11. from /home/vagrant/.rbenv/versions/2.5.3/lib/ruby/gems/2.5.0/gems/nanoc-4.11.0/lib/nanoc/base/entities/action_sequence.rb:54:in `each'
  10. from /home/vagrant/.rbenv/versions/2.5.3/lib/ruby/gems/2.5.0/gems/nanoc-4.11.0/lib/nanoc/base/entities/action_sequence.rb:54:in `each'
  9. from /home/vagrant/.rbenv/versions/2.5.3/lib/ruby/gems/2.5.0/gems/nanoc-4.11.0/lib/nanoc/base/entities/action_sequence.rb:54:in `block in each'
  8. from /home/vagrant/.rbenv/versions/2.5.3/lib/ruby/gems/2.5.0/gems/nanoc-4.11.0/lib/nanoc/base/services/compiler/phases/recalculate.rb:32:in `block in run'
  7. from /home/vagrant/.rbenv/versions/2.5.3/lib/ruby/gems/2.5.0/gems/nanoc-4.11.0/lib/nanoc/base/services/executor.rb:66:in `layout'
  6. from /home/vagrant/.rbenv/versions/2.5.3/lib/ruby/gems/2.5.0/gems/nanoc-4.11.0/lib/nanoc/base/services/filter.rb:158:in `setup_and_run'
  5. from /home/vagrant/.rbenv/versions/2.5.3/lib/ruby/gems/2.5.0/gems/nanoc-4.11.0/lib/nanoc/filters/erb.rb:36:in `run'
  4. from /home/vagrant/.rbenv/versions/2.5.3/lib/ruby/2.5.0/erb.rb:876:in `result'
  3. from /home/vagrant/.rbenv/versions/2.5.3/lib/ruby/2.5.0/erb.rb:876:in `eval'
  2. from layout /default.html:18:in `get_binding'
  1. from layout /default.html:18:in `each'
  layout /default.html:19:in `block in get_binding'

===== VERSION INFORMATION:

Nanoc 4.11.0 © 2007-2018 Denis Defreyne.
Running ruby 2.5.3 (2018-10-18) on x86_64-linux with RubyGems 2.7.6.

===== SYSTEM INFORMATION:

Linux ubuntu-bionic 4.15.0-42-generic #45-Ubuntu SMP Thu Nov 15 19:32:57 UTC 2018 x86_64 x86_64 x86_64 GNU/Linux

===== INSTALLED GEMS:

  addressable 2.5.2
  adsf 1.4.1
  bundler 1.17.2
  colored 1.2
  concurrent-ruby 1.1.4
  cri 2.15.2
  ddmemoize 1.0.0
  ddmetrics 1.0.1
  ddplugin 1.0.2
  hamster 3.0.0
  json_schema 0.19.1
  nanoc 4.11.0
  parallel 1.12.1
  public_suffix 3.0.3
  rack 1.2.8
  ref 2.0.0
  slow_enumerator_tools 1.1.0
  tomlrb 1.2.7

===== GEMFILE.LOCK:

GEM
  remote: https://rubygems.org/
  specs:
    addressable (2.5.2)
      public_suffix (>= 2.0.2, < 4.0)
    adsf (1.4.1)
      rack (>= 1.0.0, < 3.0.0)
    asdf (0.5.0)
      rack (~> 1.2.1)
    colored (1.2)
    concurrent-ruby (1.1.4)
    cri (2.15.2)
      colored (~> 1.2)
    ddmemoize (1.0.0)
      ddmetrics (~> 1.0)
      ref (~> 2.0)
    ddmetrics (1.0.1)
    ddplugin (1.0.2)
    hamster (3.0.0)
      concurrent-ruby (~> 1.0)
    json_schema (0.19.1)
    nanoc (4.11.0)
      addressable (~> 2.5)
      cri (~> 2.15)
      ddmemoize (~> 1.0)
      ddmetrics (~> 1.0)
      ddplugin (~> 1.0)
      hamster (~> 3.0)
      json_schema (~> 0.19)
      parallel (~> 1.12)
      ref (~> 2.0)
      slow_enumerator_tools (~> 1.0)
      tomlrb (~> 1.2)
    parallel (1.12.1)
    public_suffix (3.0.3)
    rack (1.2.8)
    ref (2.0.0)
    slow_enumerator_tools (1.1.0)
    tomlrb (1.2.7)

PLATFORMS
  ruby

DEPENDENCIES
  adsf (~> 1.4)
  asdf (~> 0.5.0)
  nanoc (~> 4.11)

BUNDLED WITH
   1.17.2

===== LOAD PATHS:

  0. /home/vagrant/.rbenv/versions/2.5.3/lib/ruby/gems/2.5.0/gems/ref-2.0.0/lib
  1. /home/vagrant/.rbenv/rbenv.d/exec/gem-rehash
  2. /home/vagrant/.rbenv/versions/2.5.3/lib/ruby/gems/2.5.0/gems/bundler-1.17.2/lib
  3. /home/vagrant/.rbenv/versions/2.5.3/lib/ruby/gems/2.5.0/gems/nanoc-4.11.0/lib
  4. /home/vagrant/.rbenv/versions/2.5.3/lib/ruby/gems/2.5.0/gems/tomlrb-1.2.7/lib
  5. /home/vagrant/.rbenv/versions/2.5.3/lib/ruby/gems/2.5.0/gems/slow_enumerator_tools-1.1.0/lib
  6. /home/vagrant/.rbenv/versions/2.5.3/lib/ruby/gems/2.5.0/gems/parallel-1.12.1/lib
  7. /home/vagrant/.rbenv/versions/2.5.3/lib/ruby/gems/2.5.0/gems/json_schema-0.19.1/lib
  8. /home/vagrant/.rbenv/versions/2.5.3/lib/ruby/gems/2.5.0/gems/hamster-3.0.0/lib
  9. /home/vagrant/.rbenv/versions/2.5.3/lib/ruby/gems/2.5.0/gems/ddplugin-1.0.2/lib
  10. /home/vagrant/.rbenv/versions/2.5.3/lib/ruby/gems/2.5.0/gems/ddmemoize-1.0.0/lib
  11. /home/vagrant/.rbenv/versions/2.5.3/lib/ruby/gems/2.5.0/gems/ref-2.0.0/lib
  12. /home/vagrant/.rbenv/versions/2.5.3/lib/ruby/gems/2.5.0/gems/ddmetrics-1.0.1/lib
  13. /home/vagrant/.rbenv/versions/2.5.3/lib/ruby/gems/2.5.0/gems/cri-2.15.2/lib
  14. /home/vagrant/.rbenv/versions/2.5.3/lib/ruby/gems/2.5.0/gems/concurrent-ruby-1.1.4/lib
  15. /home/vagrant/.rbenv/versions/2.5.3/lib/ruby/gems/2.5.0/gems/colored-1.2/lib
  16. /home/vagrant/.rbenv/versions/2.5.3/lib/ruby/gems/2.5.0/gems/adsf-1.4.1/lib
  17. /home/vagrant/.rbenv/versions/2.5.3/lib/ruby/gems/2.5.0/gems/rack-1.2.8/lib
  18. /home/vagrant/.rbenv/versions/2.5.3/lib/ruby/gems/2.5.0/gems/addressable-2.5.2/lib
  19. /home/vagrant/.rbenv/versions/2.5.3/lib/ruby/gems/2.5.0/gems/public_suffix-3.0.3/lib
  20. /home/vagrant/.rbenv/versions/2.5.3/lib/ruby/site_ruby/2.5.0
  21. /home/vagrant/.rbenv/versions/2.5.3/lib/ruby/site_ruby/2.5.0/x86_64-linux
  22. /home/vagrant/.rbenv/versions/2.5.3/lib/ruby/site_ruby
  23. /home/vagrant/.rbenv/versions/2.5.3/lib/ruby/vendor_ruby/2.5.0
  24. /home/vagrant/.rbenv/versions/2.5.3/lib/ruby/vendor_ruby/2.5.0/x86_64-linux
  25. /home/vagrant/.rbenv/versions/2.5.3/lib/ruby/vendor_ruby
  26. /home/vagrant/.rbenv/versions/2.5.3/lib/ruby/2.5.0
  27. /home/vagrant/.rbenv/versions/2.5.3/lib/ruby/2.5.0/x86_64-linux
